<?xml version="1.0" encoding="UTF-8"?>
<!-- Generated by org.testng.reporters.JUnitReportReporter -->
<testsuite hostname="DESKTOP-KE0ABS8" failures="0" tests="2" name="com.pack1.TestCase2" time="77.375" errors="0" timestamp="2022-06-17T01:24:11 IST" skipped="0">
  <testcase classname="com.pack1.TestCase2" name="verifyText" time="37.714"/>
  <system-out/>
  <testcase classname="com.pack1.TestCase2" name="login" time="39.661"/>
  <system-out/>
</testsuite> <!-- com.pack1.TestCase2 -->
