<?xml version="1.0" encoding="UTF-8"?>
<!-- Generated by org.testng.reporters.JUnitReportReporter -->
<testsuite hostname="DESKTOP-KE0ABS8" failures="0" tests="1" name="com.pack1.TestCase1" time="62.727" errors="0" timestamp="2022-06-11T01:34:53 IST" skipped="0">
  <testcase classname="com.pack1.TestCase1" name="testmethod1" time="62.727"/>
  <system-out/>
</testsuite> <!-- com.pack1.TestCase1 -->
