<?xml version="1.0" encoding="UTF-8"?>
<!-- Generated by org.testng.reporters.JUnitReportReporter -->
<testsuite hostname="DESKTOP-KE0ABS8" failures="0" tests="1" name="com.pack1.TestCase2" time="0.602" errors="0" timestamp="2022-06-18T02:36:31 IST" skipped="0">
  <testcase classname="com.pack1.TestCase2" name="verifyText" time="0.602"/>
  <system-out/>
</testsuite> <!-- com.pack1.TestCase2 -->
