<?xml version="1.0" encoding="UTF-8"?>
<!-- Generated by org.testng.reporters.JUnitReportReporter -->
<testsuite hostname="DESKTOP-KE0ABS8" failures="0" tests="1" name="com.pack1.TestCase3" time="58.758" errors="0" timestamp="2022-06-18T01:52:02 IST" skipped="0">
  <testcase classname="com.pack1.TestCase3" name="javaScriptExmplae" time="58.758"/>
  <system-out/>
</testsuite> <!-- com.pack1.TestCase3 -->
